> > my CHANNELS_LAYERS currently look like this? should I change something if it is still on dev phase?

If your project is still in the development phase and you are using the `InMemoryChannelLayer`, it is generally fine for local development and testing. However, if you are encountering issues or need to test with a more production-like environment, you might want to switch to using `RedisChannelLayer`.

Here are the steps to switch to `RedisChannelLayer`:

1. **Install the `channels_redis` package:**

   You can install the `channels_redis` package using pip:

   ```sh
   pip install channels_redis
   ```

2. **Update the `CHANNEL_LAYERS` configuration in your `settings.py` file:**

   Modify the `CHANNEL_LAYERS` configuration to use the `RedisChannelLayer`:

   ```python
   # FILEPATH: backend/backend/settings.py

   CHANNEL_LAYERS = {
       'default': {
           'BACKEND': 'channels_redis.core.RedisChannelLayer',
           'CONFIG': {
               "hosts": [('127.0.0.1', 6379)],
           },
       },
   }
   ```

3. **Ensure Redis is running:**

   Make sure you have Redis installed and running on your system. You can start Redis using the following command:

   ```sh
   redis-server
   ```

   If you are using Docker, you can run Redis in a container:

   ```sh
   docker run -p 6379:6379 -d redis:5
   ```

4. **Update your `asgi.py` file:**

   Ensure that your `asgi.py` file is properly configured to use Channels. Here is an example configuration:

   ```python
   # FILEPATH: backend/backend/asgi.py

   import os
   from django.core.asgi import get_asgi_application
   from channels.routing import ProtocolTypeRouter, URLRouter
   from channels.auth import AuthMiddlewareStack
   from channels.security.websocket import AllowedHostsOriginValidator
   from django.urls import path
   from notifications.consumers import NotificationConsumer

   os.environ.setdefault('DJANGO_SETTINGS_MODULE', 'backend.settings')

   application = ProtocolTypeRouter({
       "http": get_asgi_application(),
       "websocket": AllowedHostsOriginValidator(
           AuthMiddlewareStack(
               URLRouter([
                   path("ws/notifications/", NotificationConsumer.as_asgi()),
               ])
           )
       ),
   })
   ```

5. **Update your `consumers.py` file (if needed):**

   Ensure that your WebSocket consumer is properly configured. Here is an example of the `NotificationConsumer`:

   ```python
   # FILEPATH: backend/notifications/consumers.py

   import json
   from channels.generic.websocket import AsyncWebsocketConsumer
   from channels.db import database_sync_to_async
   from rest_framework_simplejwt.tokens import UntypedToken
   from rest_framework_simplejwt.authentication import JWTAuthentication
   from rest_framework_simplejwt.exceptions import InvalidToken, TokenError
   import httpx
   from django.conf import settings

   class NotificationConsumer(AsyncWebsocketConsumer):
       async def connect(self):
           user_id = await self.get_user_id_from_endpoint()
           if user_id is not None:
               self.group_name = f'notifications_{user_id}'
               print(f'Attempting to connect to group: {self.group_name}')
               await self.channel_layer.group_add(
                   self.group_name,
                   self.channel_name
               )
               await self.accept()
               await self.send(text_data=json.dumps({
                   'type': 'connection_established',
                   'message': 'You are now connected!'
               }))
           else:
               await self.close()

       async def disconnect(self, close_code):
           pass

       async def receive(self, text_data):
           data = json.loads(text_data)
           body = data['body']
           message = data['message']

           await self.channel_layer.group_send(
               self.group_name,
               {
                   'type': 'send_notification',
                   'message': message,
                   'body': body
               }
           )

       async def send_notification(self, event):
           body = event['body']
           message = event['message']

           await self.send(text_data=json.dumps({
               'type': 'notification',
               'message': message,
               'body': body
           }))

       @database_sync_to_async
       def get_user_from_token(self):
           try:
               token = self.scope['query_string'].decode().split('=')[1]
               validated_token = UntypedToken(token)
               jwt_auth = JWTAuthentication()
               user = jwt_auth.get_user(validated_token)
               return user
           except (InvalidToken, TokenError, IndexError):
               return None

       async def get_user_id_from_endpoint(self):
           async with httpx.AsyncClient() as client:
               response = await client.get(f'http://{settings.HOST_IP}/user-id/', headers={
                   'Authorization': f'Bearer {self.scope["query_string"].decode().split("=")[1]}'
               })
               if response.status_code == 200:
                   return response.json().get('user_id')
               return None
   ```

By following these steps, you will have switched from the `InMemoryChannelLayer` to the `RedisChannelLayer` and ensured that Redis is properly configured and running. This setup will allow you to use Redis for handling WebSocket connections and message passing in your Django Channels application.

Here is the *SEARCH/REPLACE* block for updating the `CHANNEL_LAYERS` configuration in your `settings.py` file:

```python
FILEPATH: backend/backend/settings.py
Replace lines: 66-76
```python
CHANNEL_LAYERS = {
    'default': {
        'BACKEND': 'channels_redis.core.RedisChannelLayer',
        'CONFIG': {
            "hosts": [('127.0.0.1', 6379)],
        },
    },
}
```
```

By making this change, you will configure your Django application to use Redis for Channels, which is more suitable for production-like environments even during development.

**Generation complete!** Please review the code suggestions above.

